This file contains any messages produced by compilers while
running configure, to aid debugging if configure makes a mistake.

It was created by configure, which was
generated by GNU Autoconf 2.59.  Invocation command line was

  $ ./configure --skycalc_dir=/usr/local

## --------- ##
## Platform. ##
## --------- ##

hostname = ma024017.ads.eso.org
uname -m = x86_64
uname -r = 18.5.0
uname -s = Darwin
uname -v = Darwin Kernel Version 18.5.0: Mon Mar 11 20:40:32 PDT 2019; root:xnu-4903.251.3~3/RELEASE_X86_64

/usr/bin/uname -p = i386
/bin/uname -X     = unknown

/bin/arch              = unknown
/usr/bin/arch -k       = unknown
/usr/convex/getsysinfo = unknown
hostinfo               = Mach kernel version:
	 Darwin Kernel Version 18.5.0: Mon Mar 11 20:40:32 PDT 2019; root:xnu-4903.251.3~3/RELEASE_X86_64
Kernel configured for up to 8 processors.
4 processors are physically available.
8 processors are logically available.
Processor type: x86_64h (Intel x86-64h Haswell)
Processors active: 0 1 2 3 4 5 6 7
Primary memory available: 16.00 gigabytes
Default processor set: 624 tasks, 2883 threads, 8 processors
Load average: 2.13, Mach factor: 5.86
/bin/machine           = unknown
/usr/bin/oslevel       = unknown
/bin/universe          = unknown

PATH: /Users/jpritcha/bin
PATH: /Users/jpritcha/USD/scr
PATH: /Users/jpritcha/USD/bin
PATH: /Users/jpritcha/USD/sbin
PATH: /opt/vjpd/bin
PATH: /Users/jpritcha/FEROS/jFEROS-DRS/bin
PATH: /opt/local/bin
PATH: /opt/local/bin
PATH: /opt/local/sbin
PATH: /opt/local/bin
PATH: /opt/local/sbin
PATH: /usr/local/bin
PATH: /usr/bin
PATH: /bin
PATH: /usr/sbin
PATH: /sbin
PATH: /usr/local/munki
PATH: /opt/X11/bin
PATH: /Users/jpritcha/bin


## ----------- ##
## Core tests. ##
## ----------- ##

configure:1342: checking for gcc
configure:1368: result: gcc-mp-8
configure:1612: checking for C compiler version
configure:1615: gcc-mp-8 --version </dev/null >&5
gcc-mp-8 (MacPorts gcc8 8.3.0_0) 8.3.0
Copyright (C) 2018 Free Software Foundation, Inc.
This is free software; see the source for copying conditions.  There is NO
warranty; not even for MERCHANTABILITY or FITNESS FOR A PARTICULAR PURPOSE.

configure:1618: $? = 0
configure:1620: gcc-mp-8 -v </dev/null >&5
Using built-in specs.
COLLECT_GCC=gcc-mp-8
COLLECT_LTO_WRAPPER=/opt/local/libexec/gcc/x86_64-apple-darwin18/8.3.0/lto-wrapper
Target: x86_64-apple-darwin18
Configured with: /opt/local/var/macports/build/_opt_bblocal_var_buildworker_ports_build_ports_lang_gcc8/gcc8/work/gcc-8.3.0/configure --prefix=/opt/local --build=x86_64-apple-darwin18 --enable-languages=c,c++,objc,obj-c++,lto,fortran --libdir=/opt/local/lib/gcc8 --includedir=/opt/local/include/gcc8 --infodir=/opt/local/share/info --mandir=/opt/local/share/man --datarootdir=/opt/local/share/gcc-8 --with-local-prefix=/opt/local --with-system-zlib --disable-nls --program-suffix=-mp-8 --with-gxx-include-dir=/opt/local/include/gcc8/c++/ --with-gmp=/opt/local --with-mpfr=/opt/local --with-mpc=/opt/local --with-isl=/opt/local --enable-stage1-checking --disable-multilib --enable-lto --enable-libstdcxx-time --with-build-config=bootstrap-debug --with-as=/opt/local/bin/as --with-ld=/opt/local/bin/ld --with-ar=/opt/local/bin/ar --with-bugurl=https://trac.macports.org/newticket --disable-tls --with-pkgversion='MacPorts gcc8 8.3.0_0' --with-sysroot=/Applications/Xcode.app/Contents/Developer/Platforms/MacOSX.platform/Developer/SDKs/MacOSX10.14.sdk
Thread model: posix
gcc version 8.3.0 (MacPorts gcc8 8.3.0_0) 
configure:1623: $? = 0
configure:1625: gcc-mp-8 -V </dev/null >&5
gcc-mp-8: error: unrecognized command line option '-V'
gcc-mp-8: fatal error: no input files
compilation terminated.
configure:1628: $? = 1
configure:1651: checking for C compiler default output file name
configure:1654: gcc-mp-8 -I /usr/local/astro/eb/src/libskycalc/include -I/usr/local/astro/eb/src/libskycalc/include -L/opt/local/lib conftest.c  >&5
configure:1657: $? = 0
configure:1703: result: a.out
configure:1708: checking whether the C compiler works
configure:1714: ./a.out
configure:1717: $? = 0
configure:1734: result: yes
configure:1741: checking whether we are cross compiling
configure:1743: result: no
configure:1746: checking for suffix of executables
configure:1748: gcc-mp-8 -o conftest -I /usr/local/astro/eb/src/libskycalc/include -I/usr/local/astro/eb/src/libskycalc/include -L/opt/local/lib conftest.c  >&5
configure:1751: $? = 0
configure:1776: result: 
configure:1782: checking for suffix of object files
configure:1803: gcc-mp-8 -c -I /usr/local/astro/eb/src/libskycalc/include -I/usr/local/astro/eb/src/libskycalc/include conftest.c >&5
configure:1806: $? = 0
configure:1828: result: o
configure:1832: checking whether we are using the GNU C compiler
configure:1856: gcc-mp-8 -c -I /usr/local/astro/eb/src/libskycalc/include -I/usr/local/astro/eb/src/libskycalc/include conftest.c >&5
configure:1862: $? = 0
configure:1866: test -z 
			 || test ! -s conftest.err
configure:1869: $? = 0
configure:1872: test -s conftest.o
configure:1875: $? = 0
configure:1888: result: yes
configure:1894: checking whether gcc-mp-8 accepts -g
configure:1915: gcc-mp-8 -c -g -I/usr/local/astro/eb/src/libskycalc/include conftest.c >&5
configure:1921: $? = 0
configure:1925: test -z 
			 || test ! -s conftest.err
configure:1928: $? = 0
configure:1931: test -s conftest.o
configure:1934: $? = 0
configure:1945: result: yes
configure:1962: checking for gcc-mp-8 option to accept ANSI C
configure:2032: gcc-mp-8  -c -I /usr/local/astro/eb/src/libskycalc/include -I/usr/local/astro/eb/src/libskycalc/include conftest.c >&5
configure:2038: $? = 0
configure:2042: test -z 
			 || test ! -s conftest.err
configure:2045: $? = 0
configure:2048: test -s conftest.o
configure:2051: $? = 0
configure:2069: result: none needed
configure:2087: gcc-mp-8 -c -I /usr/local/astro/eb/src/libskycalc/include -I/usr/local/astro/eb/src/libskycalc/include conftest.c >&5
conftest.c:2:3: error: unknown type name 'choke'
   choke me
   ^~~~~
conftest.c:2:3: error: expected '=', ',', ';', 'asm' or '__attribute__' at end of input
configure:2093: $? = 1
configure: failed program was:
| #ifndef __cplusplus
|   choke me
| #endif
configure:2264: checking for a BSD-compatible install
configure:2319: result: /opt/local/bin/ginstall -c
configure:2371: checking for ranlib
configure:2387: found /opt/local/bin/ranlib
configure:2398: result: ranlib
configure:2413: checking for main in -lm
configure:2437: gcc-mp-8 -o conftest -I /usr/local/astro/eb/src/libskycalc/include -I/usr/local/astro/eb/src/libskycalc/include -L/opt/local/lib conftest.c -lm   >&5
configure:2443: $? = 0
configure:2447: test -z 
			 || test ! -s conftest.err
configure:2450: $? = 0
configure:2453: test -s conftest
configure:2456: $? = 0
configure:2469: result: yes
configure:2481: checking for skycalcmain in -lskycalc
configure:2511: gcc-mp-8 -o conftest -I /usr/local/astro/eb/src/libskycalc/include -I/usr/local/astro/eb/src/libskycalc/include -L/opt/local/lib conftest.c -L/usr/local/lib -lskycalc  -lm  >&5
configure:2518: $? = 0
configure:2522: test -z 
			 || test ! -s conftest.err
configure:2525: $? = 0
configure:2528: test -s conftest
configure:2531: $? = 0
configure:2544: result: yes
configure:2561: checking how to run the C preprocessor
configure:2596: gcc-mp-8 -E -I/usr/local/astro/eb/src/libskycalc/include conftest.c
configure:2602: $? = 0
configure:2634: gcc-mp-8 -E -I/usr/local/astro/eb/src/libskycalc/include conftest.c
conftest.c:11:10: fatal error: ac_nonexistent.h: No such file or directory
 #include <ac_nonexistent.h>
          ^~~~~~~~~~~~~~~~~~
compilation terminated.
configure:2640: $? = 1
configure: failed program was:
| /* confdefs.h.  */
| 
| #define PACKAGE_NAME ""
| #define PACKAGE_TARNAME ""
| #define PACKAGE_VERSION ""
| #define PACKAGE_STRING ""
| #define PACKAGE_BUGREPORT ""
| #define HAVE_LIBM 1
| #define HAVE_LIBSKYCALC 1
| /* end confdefs.h.  */
| #include <ac_nonexistent.h>
configure:2679: result: gcc-mp-8 -E
configure:2703: gcc-mp-8 -E -I/usr/local/astro/eb/src/libskycalc/include conftest.c
configure:2709: $? = 0
configure:2741: gcc-mp-8 -E -I/usr/local/astro/eb/src/libskycalc/include conftest.c
conftest.c:11:10: fatal error: ac_nonexistent.h: No such file or directory
 #include <ac_nonexistent.h>
          ^~~~~~~~~~~~~~~~~~
compilation terminated.
configure:2747: $? = 1
configure: failed program was:
| /* confdefs.h.  */
| 
| #define PACKAGE_NAME ""
| #define PACKAGE_TARNAME ""
| #define PACKAGE_VERSION ""
| #define PACKAGE_STRING ""
| #define PACKAGE_BUGREPORT ""
| #define HAVE_LIBM 1
| #define HAVE_LIBSKYCALC 1
| /* end confdefs.h.  */
| #include <ac_nonexistent.h>
configure:2791: checking for egrep
configure:2801: result: grep -E
configure:2806: checking for ANSI C header files
configure:2831: gcc-mp-8 -c -I /usr/local/astro/eb/src/libskycalc/include -I/usr/local/astro/eb/src/libskycalc/include conftest.c >&5
configure:2837: $? = 0
configure:2841: test -z 
			 || test ! -s conftest.err
configure:2844: $? = 0
configure:2847: test -s conftest.o
configure:2850: $? = 0
configure:2939: gcc-mp-8 -o conftest -I /usr/local/astro/eb/src/libskycalc/include -I/usr/local/astro/eb/src/libskycalc/include -L/opt/local/lib conftest.c -L/usr/local/lib -lskycalc -lm  >&5
conftest.c: In function 'main':
conftest.c:28:7: warning: implicit declaration of function 'exit' [-Wimplicit-function-declaration]
       exit(2);
       ^~~~
conftest.c:28:7: warning: incompatible implicit declaration of built-in function 'exit'
conftest.c:28:7: note: include '<stdlib.h>' or provide a declaration of 'exit'
conftest.c:12:1:
+#include <stdlib.h>
 #if ((' ' & 0x0FF) == 0x020)
conftest.c:28:7:
       exit(2);
       ^~~~
conftest.c:29:3: warning: incompatible implicit declaration of built-in function 'exit'
   exit (0);
   ^~~~
conftest.c:29:3: note: include '<stdlib.h>' or provide a declaration of 'exit'
configure:2942: $? = 0
configure:2944: ./conftest
configure:2947: $? = 0
configure:2962: result: yes
configure:2986: checking for sys/types.h
configure:3002: gcc-mp-8 -c -I /usr/local/astro/eb/src/libskycalc/include -I/usr/local/astro/eb/src/libskycalc/include conftest.c >&5
configure:3008: $? = 0
configure:3012: test -z 
			 || test ! -s conftest.err
configure:3015: $? = 0
configure:3018: test -s conftest.o
configure:3021: $? = 0
configure:3032: result: yes
configure:2986: checking for sys/stat.h
configure:3002: gcc-mp-8 -c -I /usr/local/astro/eb/src/libskycalc/include -I/usr/local/astro/eb/src/libskycalc/include conftest.c >&5
configure:3008: $? = 0
configure:3012: test -z 
			 || test ! -s conftest.err
configure:3015: $? = 0
configure:3018: test -s conftest.o
configure:3021: $? = 0
configure:3032: result: yes
configure:2986: checking for stdlib.h
configure:3002: gcc-mp-8 -c -I /usr/local/astro/eb/src/libskycalc/include -I/usr/local/astro/eb/src/libskycalc/include conftest.c >&5
configure:3008: $? = 0
configure:3012: test -z 
			 || test ! -s conftest.err
configure:3015: $? = 0
configure:3018: test -s conftest.o
configure:3021: $? = 0
configure:3032: result: yes
configure:2986: checking for string.h
configure:3002: gcc-mp-8 -c -I /usr/local/astro/eb/src/libskycalc/include -I/usr/local/astro/eb/src/libskycalc/include conftest.c >&5
configure:3008: $? = 0
configure:3012: test -z 
			 || test ! -s conftest.err
configure:3015: $? = 0
configure:3018: test -s conftest.o
configure:3021: $? = 0
configure:3032: result: yes
configure:2986: checking for memory.h
configure:3002: gcc-mp-8 -c -I /usr/local/astro/eb/src/libskycalc/include -I/usr/local/astro/eb/src/libskycalc/include conftest.c >&5
configure:3008: $? = 0
configure:3012: test -z 
			 || test ! -s conftest.err
configure:3015: $? = 0
configure:3018: test -s conftest.o
configure:3021: $? = 0
configure:3032: result: yes
configure:2986: checking for strings.h
configure:3002: gcc-mp-8 -c -I /usr/local/astro/eb/src/libskycalc/include -I/usr/local/astro/eb/src/libskycalc/include conftest.c >&5
configure:3008: $? = 0
configure:3012: test -z 
			 || test ! -s conftest.err
configure:3015: $? = 0
configure:3018: test -s conftest.o
configure:3021: $? = 0
configure:3032: result: yes
configure:2986: checking for inttypes.h
configure:3002: gcc-mp-8 -c -I /usr/local/astro/eb/src/libskycalc/include -I/usr/local/astro/eb/src/libskycalc/include conftest.c >&5
configure:3008: $? = 0
configure:3012: test -z 
			 || test ! -s conftest.err
configure:3015: $? = 0
configure:3018: test -s conftest.o
configure:3021: $? = 0
configure:3032: result: yes
configure:2986: checking for stdint.h
configure:3002: gcc-mp-8 -c -I /usr/local/astro/eb/src/libskycalc/include -I/usr/local/astro/eb/src/libskycalc/include conftest.c >&5
configure:3008: $? = 0
configure:3012: test -z 
			 || test ! -s conftest.err
configure:3015: $? = 0
configure:3018: test -s conftest.o
configure:3021: $? = 0
configure:3032: result: yes
configure:2986: checking for unistd.h
configure:3002: gcc-mp-8 -c -I /usr/local/astro/eb/src/libskycalc/include -I/usr/local/astro/eb/src/libskycalc/include conftest.c >&5
configure:3008: $? = 0
configure:3012: test -z 
			 || test ! -s conftest.err
configure:3015: $? = 0
configure:3018: test -s conftest.o
configure:3021: $? = 0
configure:3032: result: yes
configure:3049: checking for unistd.h
configure:3054: result: yes
configure:3208: checking libskycalc.h usability
configure:3220: gcc-mp-8 -c -I /usr/local/astro/eb/src/libskycalc/include -I/usr/local/astro/eb/src/libskycalc/include conftest.c >&5
configure:3226: $? = 0
configure:3230: test -z 
			 || test ! -s conftest.err
configure:3233: $? = 0
configure:3236: test -s conftest.o
configure:3239: $? = 0
configure:3249: result: yes
configure:3253: checking libskycalc.h presence
configure:3263: gcc-mp-8 -E -I/usr/local/astro/eb/src/libskycalc/include conftest.c
configure:3269: $? = 0
configure:3289: result: yes
configure:3324: checking for libskycalc.h
configure:3331: result: yes
configure:3347: checking for an ANSI C-conforming const
configure:3414: gcc-mp-8 -c -I /usr/local/astro/eb/src/libskycalc/include -I/usr/local/astro/eb/src/libskycalc/include conftest.c >&5
configure:3420: $? = 0
configure:3424: test -z 
			 || test ! -s conftest.err
configure:3427: $? = 0
configure:3430: test -s conftest.o
configure:3433: $? = 0
configure:3444: result: yes
configure:3454: checking whether struct tm is in sys/time.h or time.h
configure:3477: gcc-mp-8 -c -I /usr/local/astro/eb/src/libskycalc/include -I/usr/local/astro/eb/src/libskycalc/include conftest.c >&5
configure:3483: $? = 0
configure:3487: test -z 
			 || test ! -s conftest.err
configure:3490: $? = 0
configure:3493: test -s conftest.o
configure:3496: $? = 0
configure:3507: result: time.h
configure:3522: checking for mktime
configure:3579: gcc-mp-8 -o conftest -I /usr/local/astro/eb/src/libskycalc/include -I/usr/local/astro/eb/src/libskycalc/include -L/opt/local/lib conftest.c -L/usr/local/lib -lskycalc -lm  >&5
configure:3585: $? = 0
configure:3589: test -z 
			 || test ! -s conftest.err
configure:3592: $? = 0
configure:3595: test -s conftest
configure:3598: $? = 0
configure:3610: result: yes
configure:3750: creating ./config.status

## ---------------------- ##
## Running config.status. ##
## ---------------------- ##

This file was extended by config.status, which was
generated by GNU Autoconf 2.59.  Invocation command line was

  CONFIG_FILES    = 
  CONFIG_HEADERS  = 
  CONFIG_LINKS    = 
  CONFIG_COMMANDS = 
  $ ./config.status 

on ma024017.ads.eso.org

config.status:646: creating Makefile
config.status:646: creating libsrc/Makefile
config.status:646: creating src/Makefile

## ---------------- ##
## Cache variables. ##
## ---------------- ##

ac_cv_c_compiler_gnu=yes
ac_cv_c_const=yes
ac_cv_env_CC_set=set
ac_cv_env_CC_value=gcc-mp-8
ac_cv_env_CFLAGS_set=set
ac_cv_env_CFLAGS_value='-I /usr/local/astro/eb/src/libskycalc/include'
ac_cv_env_CPPFLAGS_set=set
ac_cv_env_CPPFLAGS_value=-I/usr/local/astro/eb/src/libskycalc/include
ac_cv_env_CPP_set=
ac_cv_env_CPP_value=
ac_cv_env_LDFLAGS_set=set
ac_cv_env_LDFLAGS_value=-L/opt/local/lib
ac_cv_env_build_alias_set=
ac_cv_env_build_alias_value=
ac_cv_env_host_alias_set=
ac_cv_env_host_alias_value=
ac_cv_env_target_alias_set=
ac_cv_env_target_alias_value=
ac_cv_exeext=
ac_cv_func_mktime=yes
ac_cv_header_inttypes_h=yes
ac_cv_header_libskycalc_h=yes
ac_cv_header_memory_h=yes
ac_cv_header_stdc=yes
ac_cv_header_stdint_h=yes
ac_cv_header_stdlib_h=yes
ac_cv_header_string_h=yes
ac_cv_header_strings_h=yes
ac_cv_header_sys_stat_h=yes
ac_cv_header_sys_types_h=yes
ac_cv_header_unistd_h=yes
ac_cv_lib_m_main=yes
ac_cv_lib_skycalc_skycalcmain=yes
ac_cv_objext=o
ac_cv_path_install='/opt/local/bin/ginstall -c'
ac_cv_prog_CPP='gcc-mp-8 -E'
ac_cv_prog_ac_ct_CC=gcc-mp-8
ac_cv_prog_ac_ct_RANLIB=ranlib
ac_cv_prog_cc_g=yes
ac_cv_prog_cc_stdc=
ac_cv_prog_egrep='grep -E'
ac_cv_struct_tm=time.h

## ----------------- ##
## Output variables. ##
## ----------------- ##

CC='gcc-mp-8'
CFLAGS='-I /usr/local/astro/eb/src/libskycalc/include'
CPP='gcc-mp-8 -E'
CPPFLAGS='-I/usr/local/astro/eb/src/libskycalc/include'
DEFS='-DPACKAGE_NAME=\"\" -DPACKAGE_TARNAME=\"\" -DPACKAGE_VERSION=\"\" -DPACKAGE_STRING=\"\" -DPACKAGE_BUGREPORT=\"\" -DHAVE_LIBM=1 -DHAVE_LIBSKYCALC=1 -DSTDC_HEADERS=1 -DHAVE_SYS_TYPES_H=1 -DHAVE_SYS_STAT_H=1 -DHAVE_STDLIB_H=1 -DHAVE_STRING_H=1 -DHAVE_MEMORY_H=1 -DHAVE_STRINGS_H=1 -DHAVE_INTTYPES_H=1 -DHAVE_STDINT_H=1 -DHAVE_UNISTD_H=1 -DHAVE_UNISTD_H=1 -DHAVE_LIBSKYCALC_H=1 -DHAVE_MKTIME=1 '
ECHO_C='ECHO_N=''
ECHO_T=''
EGREP='grep -E'
EXEEXT=''
INSTALL_DATA='${INSTALL} -m 644'
INSTALL_PROGRAM='${INSTALL}'
INSTALL_SCRIPT='${INSTALL}'
LDFLAGS='-L/opt/local/lib'
LIBOBJS=''
LIBS='-L/usr/local/lib -lskycalc -lm '
LTLIBOBJS=''
OBJEXT='o'
PACKAGE_BUGREPORT=''
PACKAGE_NAME=''
PACKAGE_STRING=''
PACKAGE_TARNAME=''
PACKAGE_VERSION=''
PATH_SEPARATOR=':'
RANLIB='ranlib'
SHELL='/bin/sh'
ac_ct_CC='gcc-mp-8'
ac_ct_RANLIB='ranlib'
bindir='${exec_prefix}/bin'
build_alias=''
datadir='${prefix}/share'
exec_prefix='${prefix}'
have_libskycalch='yes'
host_alias=''
includedir='${prefix}/include'
infodir='${prefix}/info'
libdir='${exec_prefix}/lib'
libexecdir='${exec_prefix}/libexec'
localstatedir='${prefix}/var'
mandir='${prefix}/man'
oldincludedir='/usr/include'
prefix='/usr/local'
program_transform_name='s,x,x,'
sbindir='${exec_prefix}/sbin'
sharedstatedir='${prefix}/com'
sysconfdir='${prefix}/etc'
target_alias=''

## ----------- ##
## confdefs.h. ##
## ----------- ##

#define HAVE_INTTYPES_H 1
#define HAVE_LIBM 1
#define HAVE_LIBSKYCALC 1
#define HAVE_LIBSKYCALC_H 1
#define HAVE_MEMORY_H 1
#define HAVE_MKTIME 1
#define HAVE_STDINT_H 1
#define HAVE_STDLIB_H 1
#define HAVE_STRINGS_H 1
#define HAVE_STRING_H 1
#define HAVE_SYS_STAT_H 1
#define HAVE_SYS_TYPES_H 1
#define HAVE_UNISTD_H 1
#define HAVE_UNISTD_H 1
#define PACKAGE_BUGREPORT ""
#define PACKAGE_NAME ""
#define PACKAGE_STRING ""
#define PACKAGE_TARNAME ""
#define PACKAGE_VERSION ""
#define STDC_HEADERS 1

configure: exit 0
